<?xml version="1.0" encoding="UTF-8"?>
<testsuite xmlns:xsi="http://www.w3.org/2001/XMLSchema-instance" xsi:noNamespaceSchemaLocation="https://maven.apache.org/surefire/maven-surefire-plugin/xsd/surefire-test-report.xsd" name="com.bbc_news.runner.CukesRunner" time="241.528" tests="5" errors="0" skipped="0" failures="0">
  <properties>
[...]
</properties>
  <testcase name="As a user I should be able to navigate back to homepage after search any topics" classname="Home page after search" time="48.612"/>
  <testcase name="As a user I should be able search topics from search button and see them after search" classname="Search By Enter Any Topic" time="46.722"/>
  <testcase name="As a user I should be able search topics from search button and see them after search" classname="Search From More Topics" time="45.464"/>
  <testcase name="As a user I should be able login my BBC News account without enter my credentials" classname="Login page" time="47.77"/>
  <testcase name="As a user I should tab video tab and display BBC New Channel title" classname="Video Tab" time="52.451"/>
</testsuite>